[2017-10-06 21:01:20,463] DEBUG [TopicChangeListener on Controller 2]: Topic change listener fired for path /brokers/topics with children Multiplerbrokerapplication,Hello-Kafka (kafka.controller.PartitionStateMachine$TopicChangeListener)
[2017-10-06 21:01:20,470] INFO [TopicChangeListener on Controller 2]: New topics: [Set(Multiplerbrokerapplication)], deleted topics: [Set()], new partition replica assignment [Map([Multiplerbrokerapplication,0] -> List(2, 1, 0))] (kafka.controller.PartitionStateMachine$TopicChangeListener)
[2017-10-06 21:01:20,471] INFO [Controller 2]: New topic creation callback for [Multiplerbrokerapplication,0] (kafka.controller.KafkaController)
[2017-10-06 21:01:20,475] INFO [Controller 2]: New partition creation callback for [Multiplerbrokerapplication,0] (kafka.controller.KafkaController)
[2017-10-06 21:01:20,475] INFO [Partition state machine on Controller 2]: Invoking state change to NewPartition for partitions [Multiplerbrokerapplication,0] (kafka.controller.PartitionStateMachine)
[2017-10-06 21:01:20,477] INFO [Replica state machine on controller 2]: Invoking state change to NewReplica for replicas [Topic=Multiplerbrokerapplication,Partition=0,Replica=2],[Topic=Multiplerbrokerapplication,Partition=0,Replica=1],[Topic=Multiplerbrokerapplication,Partition=0,Replica=0] (kafka.controller.ReplicaStateMachine)
[2017-10-06 21:01:20,480] INFO [Partition state machine on Controller 2]: Invoking state change to OnlinePartition for partitions [Multiplerbrokerapplication,0] (kafka.controller.PartitionStateMachine)
[2017-10-06 21:01:20,481] DEBUG [Partition state machine on Controller 2]: Live assigned replicas for partition [Multiplerbrokerapplication,0] are: [List(2, 1, 0)] (kafka.controller.PartitionStateMachine)
[2017-10-06 21:01:20,481] DEBUG [Partition state machine on Controller 2]: Initializing leader and isr for partition [Multiplerbrokerapplication,0] to (Leader:2,ISR:2,1,0,LeaderEpoch:0,ControllerEpoch:4) (kafka.controller.PartitionStateMachine)
[2017-10-06 21:01:20,490] INFO [Replica state machine on controller 2]: Invoking state change to OnlineReplica for replicas [Topic=Multiplerbrokerapplication,Partition=0,Replica=2],[Topic=Multiplerbrokerapplication,Partition=0,Replica=1],[Topic=Multiplerbrokerapplication,Partition=0,Replica=0] (kafka.controller.ReplicaStateMachine)
[2017-10-06 21:03:58,557] TRACE [Controller 2]: checking need to trigger partition rebalance (kafka.controller.KafkaController)
[2017-10-06 21:03:58,560] DEBUG [Controller 2]: preferred replicas by broker Map(2 -> Map([Multiplerbrokerapplication,0] -> List(2, 1, 0)), 0 -> Map([Hello-Kafka,0] -> List(0))) (kafka.controller.KafkaController)
[2017-10-06 21:03:58,560] DEBUG [Controller 2]: topics not in preferred replica Map() (kafka.controller.KafkaController)
[2017-10-06 21:03:58,560] TRACE [Controller 2]: leader imbalance ratio for broker 2 is 0.000000 (kafka.controller.KafkaController)
[2017-10-06 21:03:58,560] DEBUG [Controller 2]: topics not in preferred replica Map() (kafka.controller.KafkaController)
[2017-10-06 21:03:58,560] TRACE [Controller 2]: leader imbalance ratio for broker 0 is 0.000000 (kafka.controller.KafkaController)
[2017-10-06 21:08:58,571] TRACE [Controller 2]: checking need to trigger partition rebalance (kafka.controller.KafkaController)
[2017-10-06 21:08:58,573] DEBUG [Controller 2]: preferred replicas by broker Map(2 -> Map([Multiplerbrokerapplication,0] -> List(2, 1, 0)), 0 -> Map([Hello-Kafka,0] -> List(0))) (kafka.controller.KafkaController)
[2017-10-06 21:08:58,573] DEBUG [Controller 2]: topics not in preferred replica Map() (kafka.controller.KafkaController)
[2017-10-06 21:08:58,573] TRACE [Controller 2]: leader imbalance ratio for broker 2 is 0.000000 (kafka.controller.KafkaController)
[2017-10-06 21:08:58,573] DEBUG [Controller 2]: topics not in preferred replica Map() (kafka.controller.KafkaController)
[2017-10-06 21:08:58,573] TRACE [Controller 2]: leader imbalance ratio for broker 0 is 0.000000 (kafka.controller.KafkaController)
[2017-10-06 21:13:58,583] TRACE [Controller 2]: checking need to trigger partition rebalance (kafka.controller.KafkaController)
[2017-10-06 21:13:58,584] DEBUG [Controller 2]: preferred replicas by broker Map(2 -> Map([Multiplerbrokerapplication,0] -> List(2, 1, 0)), 0 -> Map([Hello-Kafka,0] -> List(0))) (kafka.controller.KafkaController)
[2017-10-06 21:13:58,584] DEBUG [Controller 2]: topics not in preferred replica Map() (kafka.controller.KafkaController)
[2017-10-06 21:13:58,584] TRACE [Controller 2]: leader imbalance ratio for broker 2 is 0.000000 (kafka.controller.KafkaController)
[2017-10-06 21:13:58,584] DEBUG [Controller 2]: topics not in preferred replica Map() (kafka.controller.KafkaController)
[2017-10-06 21:13:58,584] TRACE [Controller 2]: leader imbalance ratio for broker 0 is 0.000000 (kafka.controller.KafkaController)
[2017-10-06 21:18:58,601] TRACE [Controller 2]: checking need to trigger partition rebalance (kafka.controller.KafkaController)
[2017-10-06 21:18:58,601] DEBUG [Controller 2]: preferred replicas by broker Map(2 -> Map([Multiplerbrokerapplication,0] -> List(2, 1, 0)), 0 -> Map([Hello-Kafka,0] -> List(0))) (kafka.controller.KafkaController)
[2017-10-06 21:18:58,601] DEBUG [Controller 2]: topics not in preferred replica Map() (kafka.controller.KafkaController)
[2017-10-06 21:18:58,601] TRACE [Controller 2]: leader imbalance ratio for broker 2 is 0.000000 (kafka.controller.KafkaController)
[2017-10-06 21:18:58,601] DEBUG [Controller 2]: topics not in preferred replica Map() (kafka.controller.KafkaController)
[2017-10-06 21:18:58,601] TRACE [Controller 2]: leader imbalance ratio for broker 0 is 0.000000 (kafka.controller.KafkaController)
[2017-10-06 21:23:58,604] TRACE [Controller 2]: checking need to trigger partition rebalance (kafka.controller.KafkaController)
[2017-10-06 21:23:58,604] DEBUG [Controller 2]: preferred replicas by broker Map(2 -> Map([Multiplerbrokerapplication,0] -> List(2, 1, 0)), 0 -> Map([Hello-Kafka,0] -> List(0))) (kafka.controller.KafkaController)
[2017-10-06 21:23:58,604] DEBUG [Controller 2]: topics not in preferred replica Map() (kafka.controller.KafkaController)
[2017-10-06 21:23:58,604] TRACE [Controller 2]: leader imbalance ratio for broker 2 is 0.000000 (kafka.controller.KafkaController)
[2017-10-06 21:23:58,604] DEBUG [Controller 2]: topics not in preferred replica Map() (kafka.controller.KafkaController)
[2017-10-06 21:23:58,605] TRACE [Controller 2]: leader imbalance ratio for broker 0 is 0.000000 (kafka.controller.KafkaController)
[2017-10-06 21:29:00,441] TRACE [Controller 2]: checking need to trigger partition rebalance (kafka.controller.KafkaController)
[2017-10-06 21:29:00,441] DEBUG [Controller 2]: preferred replicas by broker Map(2 -> Map([Multiplerbrokerapplication,0] -> List(2, 1, 0)), 0 -> Map([Hello-Kafka,0] -> List(0))) (kafka.controller.KafkaController)
[2017-10-06 21:29:00,441] DEBUG [Controller 2]: topics not in preferred replica Map() (kafka.controller.KafkaController)
[2017-10-06 21:29:00,441] TRACE [Controller 2]: leader imbalance ratio for broker 2 is 0.000000 (kafka.controller.KafkaController)
[2017-10-06 21:29:00,441] DEBUG [Controller 2]: topics not in preferred replica Map() (kafka.controller.KafkaController)
[2017-10-06 21:29:00,442] TRACE [Controller 2]: leader imbalance ratio for broker 0 is 0.000000 (kafka.controller.KafkaController)
[2017-10-06 21:34:00,453] TRACE [Controller 2]: checking need to trigger partition rebalance (kafka.controller.KafkaController)
[2017-10-06 21:34:00,453] DEBUG [Controller 2]: preferred replicas by broker Map(2 -> Map([Multiplerbrokerapplication,0] -> List(2, 1, 0)), 0 -> Map([Hello-Kafka,0] -> List(0))) (kafka.controller.KafkaController)
[2017-10-06 21:34:00,453] DEBUG [Controller 2]: topics not in preferred replica Map() (kafka.controller.KafkaController)
[2017-10-06 21:34:00,453] TRACE [Controller 2]: leader imbalance ratio for broker 2 is 0.000000 (kafka.controller.KafkaController)
[2017-10-06 21:34:00,453] DEBUG [Controller 2]: topics not in preferred replica Map() (kafka.controller.KafkaController)
[2017-10-06 21:34:00,453] TRACE [Controller 2]: leader imbalance ratio for broker 0 is 0.000000 (kafka.controller.KafkaController)
[2017-10-06 21:39:00,462] TRACE [Controller 2]: checking need to trigger partition rebalance (kafka.controller.KafkaController)
[2017-10-06 21:39:00,463] DEBUG [Controller 2]: preferred replicas by broker Map(2 -> Map([Multiplerbrokerapplication,0] -> List(2, 1, 0)), 0 -> Map([Hello-Kafka,0] -> List(0))) (kafka.controller.KafkaController)
[2017-10-06 21:39:00,463] DEBUG [Controller 2]: topics not in preferred replica Map() (kafka.controller.KafkaController)
[2017-10-06 21:39:00,463] TRACE [Controller 2]: leader imbalance ratio for broker 2 is 0.000000 (kafka.controller.KafkaController)
[2017-10-06 21:39:00,463] DEBUG [Controller 2]: topics not in preferred replica Map() (kafka.controller.KafkaController)
[2017-10-06 21:39:00,463] TRACE [Controller 2]: leader imbalance ratio for broker 0 is 0.000000 (kafka.controller.KafkaController)
[2017-10-06 21:44:00,476] TRACE [Controller 2]: checking need to trigger partition rebalance (kafka.controller.KafkaController)
[2017-10-06 21:44:00,476] DEBUG [Controller 2]: preferred replicas by broker Map(2 -> Map([Multiplerbrokerapplication,0] -> List(2, 1, 0)), 0 -> Map([Hello-Kafka,0] -> List(0))) (kafka.controller.KafkaController)
[2017-10-06 21:44:00,476] DEBUG [Controller 2]: topics not in preferred replica Map() (kafka.controller.KafkaController)
[2017-10-06 21:44:00,477] TRACE [Controller 2]: leader imbalance ratio for broker 2 is 0.000000 (kafka.controller.KafkaController)
[2017-10-06 21:44:00,477] DEBUG [Controller 2]: topics not in preferred replica Map() (kafka.controller.KafkaController)
[2017-10-06 21:44:00,477] TRACE [Controller 2]: leader imbalance ratio for broker 0 is 0.000000 (kafka.controller.KafkaController)
